{"C:\\Users\\Michał\\Desktop\\streaming-app-v2\\users-service\\__test__\\fixtures\\user.js": {"path":"C:\\Users\\Michał\\Desktop\\streaming-app-v2\\users-service\\__test__\\fixtures\\user.js","statementMap":{"0":{"start":{"line":4,"column":15},"end":{"line":8,"column":3}},"1":{"start":{"line":10,"column":2},"end":{"line":13,"column":3}}},"fnMap":{"0":{"name":"makeFakeUser","decl":{"start":{"line":3,"column":24},"end":{"line":3,"column":36}},"loc":{"start":{"line":3,"column":48},"end":{"line":14,"column":1}},"line":3}},"branchMap":{},"s":{"0":11,"1":11},"f":{"0":11},"b":{},"_coverageSchema":"1a1c01bbd47fc00a2c39e90264f33305004495a9","hash":"fbdf242bee7de0aa6ca2e2b65a9b174e8e25fad3"}
,"C:\\Users\\Michał\\Desktop\\streaming-app-v2\\users-service\\src\\entities\\index.js": {"path":"C:\\Users\\Michał\\Desktop\\streaming-app-v2\\users-service\\src\\entities\\index.js","statementMap":{"0":{"start":{"line":5,"column":2},"end":{"line":5,"column":36}},"1":{"start":{"line":8,"column":17},"end":{"line":8,"column":44}}},"fnMap":{"0":{"name":"makeHash","decl":{"start":{"line":4,"column":15},"end":{"line":4,"column":23}},"loc":{"start":{"line":4,"column":30},"end":{"line":6,"column":1}},"line":4}},"branchMap":{},"s":{"0":1,"1":1},"f":{"0":1},"b":{},"_coverageSchema":"1a1c01bbd47fc00a2c39e90264f33305004495a9","hash":"2f7ba103008ca0149ff596573efec890114a522c"}
,"C:\\Users\\Michał\\Desktop\\streaming-app-v2\\users-service\\src\\entities\\user.js": {"path":"C:\\Users\\Michał\\Desktop\\streaming-app-v2\\users-service\\src\\entities\\user.js","statementMap":{"0":{"start":{"line":2,"column":2},"end":{"line":28,"column":3}},"1":{"start":{"line":8,"column":26},"end":{"line":8,"column":59}},"2":{"start":{"line":9,"column":23},"end":{"line":9,"column":463}},"3":{"start":{"line":10,"column":26},"end":{"line":10,"column":90}},"4":{"start":{"line":12,"column":4},"end":{"line":12,"column":54}},"5":{"start":{"line":12,"column":18},"end":{"line":12,"column":54}},"6":{"start":{"line":13,"column":4},"end":{"line":13,"column":74}},"7":{"start":{"line":13,"column":38},"end":{"line":13,"column":74}},"8":{"start":{"line":15,"column":4},"end":{"line":15,"column":48}},"9":{"start":{"line":15,"column":15},"end":{"line":15,"column":48}},"10":{"start":{"line":16,"column":4},"end":{"line":16,"column":65}},"11":{"start":{"line":16,"column":32},"end":{"line":16,"column":65}},"12":{"start":{"line":18,"column":4},"end":{"line":18,"column":54}},"13":{"start":{"line":18,"column":18},"end":{"line":18,"column":54}},"14":{"start":{"line":19,"column":4},"end":{"line":19,"column":74}},"15":{"start":{"line":19,"column":38},"end":{"line":19,"column":74}},"16":{"start":{"line":21,"column":4},"end":{"line":21,"column":59}},"17":{"start":{"line":21,"column":23},"end":{"line":21,"column":59}},"18":{"start":{"line":23,"column":4},"end":{"line":27,"column":6}},"19":{"start":{"line":24,"column":25},"end":{"line":24,"column":33}},"20":{"start":{"line":25,"column":22},"end":{"line":25,"column":27}},"21":{"start":{"line":26,"column":25},"end":{"line":26,"column":33}}},"fnMap":{"0":{"name":"buildMakeUser","decl":{"start":{"line":1,"column":24},"end":{"line":1,"column":37}},"loc":{"start":{"line":1,"column":52},"end":{"line":29,"column":1}},"line":1},"1":{"name":"makeUser","decl":{"start":{"line":2,"column":24},"end":{"line":2,"column":32}},"loc":{"start":{"line":6,"column":34},"end":{"line":28,"column":3}},"line":6},"2":{"name":"(anonymous_2)","decl":{"start":{"line":24,"column":19},"end":{"line":24,"column":20}},"loc":{"start":{"line":24,"column":25},"end":{"line":24,"column":33}},"line":24},"3":{"name":"(anonymous_3)","decl":{"start":{"line":25,"column":16},"end":{"line":25,"column":17}},"loc":{"start":{"line":25,"column":22},"end":{"line":25,"column":27}},"line":25},"4":{"name":"(anonymous_4)","decl":{"start":{"line":26,"column":19},"end":{"line":26,"column":20}},"loc":{"start":{"line":26,"column":25},"end":{"line":26,"column":33}},"line":26}},"branchMap":{"0":{"loc":{"start":{"line":2,"column":33},"end":{"line":6,"column":8}},"type":"default-arg","locations":[{"start":{"line":6,"column":6},"end":{"line":6,"column":8}}],"line":2},"1":{"loc":{"start":{"line":6,"column":10},"end":{"line":6,"column":32}},"type":"default-arg","locations":[{"start":{"line":6,"column":27},"end":{"line":6,"column":32}}],"line":6},"2":{"loc":{"start":{"line":12,"column":4},"end":{"line":12,"column":54}},"type":"if","locations":[{"start":{"line":12,"column":4},"end":{"line":12,"column":54}},{"start":{"line":12,"column":4},"end":{"line":12,"column":54}}],"line":12},"3":{"loc":{"start":{"line":13,"column":4},"end":{"line":13,"column":74}},"type":"if","locations":[{"start":{"line":13,"column":4},"end":{"line":13,"column":74}},{"start":{"line":13,"column":4},"end":{"line":13,"column":74}}],"line":13},"4":{"loc":{"start":{"line":15,"column":4},"end":{"line":15,"column":48}},"type":"if","locations":[{"start":{"line":15,"column":4},"end":{"line":15,"column":48}},{"start":{"line":15,"column":4},"end":{"line":15,"column":48}}],"line":15},"5":{"loc":{"start":{"line":16,"column":4},"end":{"line":16,"column":65}},"type":"if","locations":[{"start":{"line":16,"column":4},"end":{"line":16,"column":65}},{"start":{"line":16,"column":4},"end":{"line":16,"column":65}}],"line":16},"6":{"loc":{"start":{"line":18,"column":4},"end":{"line":18,"column":54}},"type":"if","locations":[{"start":{"line":18,"column":4},"end":{"line":18,"column":54}},{"start":{"line":18,"column":4},"end":{"line":18,"column":54}}],"line":18},"7":{"loc":{"start":{"line":19,"column":4},"end":{"line":19,"column":74}},"type":"if","locations":[{"start":{"line":19,"column":4},"end":{"line":19,"column":74}},{"start":{"line":19,"column":4},"end":{"line":19,"column":74}}],"line":19},"8":{"loc":{"start":{"line":21,"column":4},"end":{"line":21,"column":59}},"type":"if","locations":[{"start":{"line":21,"column":4},"end":{"line":21,"column":59}},{"start":{"line":21,"column":4},"end":{"line":21,"column":59}}],"line":21}},"s":{"0":1,"1":12,"2":12,"3":12,"4":12,"5":1,"6":11,"7":3,"8":8,"9":1,"10":7,"11":2,"12":5,"13":1,"14":4,"15":2,"16":2,"17":1,"18":2,"19":1,"20":1,"21":2},"f":{"0":1,"1":12,"2":1,"3":1,"4":2},"b":{"0":[0],"1":[11],"2":[1,11],"3":[3,8],"4":[1,7],"5":[2,5],"6":[1,4],"7":[2,2],"8":[1,1]},"_coverageSchema":"1a1c01bbd47fc00a2c39e90264f33305004495a9","hash":"77ff16ba4b4956b5994060de4d2503313f1868b0"}
}
