TN:
SF:__test__\fixtures\user.js
FN:3,makeFakeUser
FNF:1
FNH:1
FNDA:11,makeFakeUser
DA:4,11
DA:10,11
LF:2
LH:2
BRF:0
BRH:0
end_of_record
TN:
SF:src\entities\index.js
FN:4,makeHash
FNF:1
FNH:1
FNDA:1,makeHash
DA:5,1
DA:8,1
LF:2
LH:2
BRF:0
BRH:0
end_of_record
TN:
SF:src\entities\user.js
FN:1,buildMakeUser
FN:2,makeUser
FN:24,(anonymous_2)
FN:25,(anonymous_3)
FN:26,(anonymous_4)
FNF:5
FNH:5
FNDA:1,buildMakeUser
FNDA:12,makeUser
FNDA:1,(anonymous_2)
FNDA:1,(anonymous_3)
FNDA:2,(anonymous_4)
DA:2,1
DA:8,12
DA:9,12
DA:10,12
DA:12,12
DA:13,11
DA:15,8
DA:16,7
DA:18,5
DA:19,4
DA:21,2
DA:23,2
DA:24,1
DA:25,1
DA:26,2
LF:15
LH:15
BRDA:2,0,0,0
BRDA:6,1,0,11
BRDA:12,2,0,1
BRDA:12,2,1,11
BRDA:13,3,0,3
BRDA:13,3,1,8
BRDA:15,4,0,1
BRDA:15,4,1,7
BRDA:16,5,0,2
BRDA:16,5,1,5
BRDA:18,6,0,1
BRDA:18,6,1,4
BRDA:19,7,0,2
BRDA:19,7,1,2
BRDA:21,8,0,1
BRDA:21,8,1,1
BRF:16
BRH:15
end_of_record
